
**** Build of configuration Nios II for project test ****

make all 
Info: Building ../test_bsp/
make --no-print-directory -C ../test_bsp/
[BSP build complete]
Info: Compiling hello_ucosii.c to obj/default/hello_ucosii.o
nios2-elf-gcc -xc -MP -MMD -c -I../test_bsp//UCOSII/inc -I../test_bsp//HAL/inc -I../test_bsp/ -I../test_bsp//drivers/inc  -DSYSTEM_BUS_WIDTH=32 -pipe -D__hal__ -DALT_NO_INSTRUCTION_EMULATION -D__ucosii__    -O0 -g -Wall   -EL -mno-hw-div -mhw-mul -mno-hw-mulx  -o obj/default/hello_ucosii.o hello_ucosii.c
Info: Linking test.elf
nios2-elf-g++  -T'../test_bsp//linker.x' -msys-crt0='../test_bsp//obj/HAL/src/crt0.o' -msys-lib=ucosii_bsp -L../test_bsp/   -Wl,-Map=test.map   -O0 -g -Wall   -EL -mno-hw-div -mhw-mul -mno-hw-mulx  -o test.elf obj/default/hello_ucosii.o -lm 
nios2-elf-insert test.elf --thread_model ucosii --cpu_name nios2_qsys_0 --qsys true --simulation_enabled false --id 0 --sidp 0x1109068 --timestamp 1423517063 --stderr_dev jtag_uart_0 --stdin_dev jtag_uart_0 --stdout_dev jtag_uart_0 --sopc_system_name group4_project_system --quartus_project_dir "C:/Users/rcorpuz/ECE492_Group4_Project/Ryans_stuff/group4_project" --jdi C:/Users/rcorpuz/ECE492_Group4_Project/Ryans_stuff/group4_project/group4_project.jdi --sopcinfo C:/Users/rcorpuz/ECE492_Group4_Project/Ryans_stuff/group4_project/group4_project_system.sopcinfo
Info: (test.elf) 123 KBytes program size (code + initialized data).
Info:            8061 KBytes free for stack + heap.
Info: Creating test.objdump
nios2-elf-objdump --disassemble --syms --all-header --source test.elf >test.objdump
[test build complete]

**** Build Finished ****

**** Build of configuration Nios II for project test ****

make all 
Info: Building ../test_bsp/
make --no-print-directory -C ../test_bsp/
[BSP build complete]
[test build complete]

**** Build Finished ****

**** Build of configuration Nios II for project test ****

make all 
Info: Building ../test_bsp/
make --no-print-directory -C ../test_bsp/
[BSP build complete]
[test build complete]

**** Build Finished ****

**** Build of configuration Nios II for project test ****

make all 
Info: Building ../test_bsp/
make --no-print-directory -C ../test_bsp/
[BSP build complete]
[test build complete]

**** Build Finished ****

**** Build of configuration Nios II for project test ****

make all 
Info: Building ../test_bsp/
make --no-print-directory -C ../test_bsp/
[BSP build complete]
Info: Compiling hello_ucosii.c to obj/default/hello_ucosii.o
nios2-elf-gcc -xc -MP -MMD -c -I../test_bsp//UCOSII/inc -I../test_bsp//HAL/inc -I../test_bsp/ -I../test_bsp//drivers/inc  -DSYSTEM_BUS_WIDTH=32 -pipe -D__hal__ -DALT_NO_INSTRUCTION_EMULATION -D__ucosii__    -O0 -g -Wall   -EL -mno-hw-div -mhw-mul -mno-hw-mulx  -o obj/default/hello_ucosii.o hello_ucosii.c
Info: Linking test.elf
nios2-elf-g++  -T'../test_bsp//linker.x' -msys-crt0='../test_bsp//obj/HAL/src/crt0.o' -msys-lib=ucosii_bsp -L../test_bsp/   -Wl,-Map=test.map   -O0 -g -Wall   -EL -mno-hw-div -mhw-mul -mno-hw-mulx  -o test.elf obj/default/hello_ucosii.o -lm 
nios2-elf-insert test.elf --thread_model ucosii --cpu_name nios2_qsys_0 --qsys true --simulation_enabled false --id 0 --sidp 0x1109068 --timestamp 1423517063 --stderr_dev jtag_uart_0 --stdin_dev jtag_uart_0 --stdout_dev jtag_uart_0 --sopc_system_name group4_project_system --quartus_project_dir "C:/Users/rcorpuz/ECE492_Group4_Project/Ryans_stuff/group4_project" --jdi C:/Users/rcorpuz/ECE492_Group4_Project/Ryans_stuff/group4_project/group4_project.jdi --sopcinfo C:/Users/rcorpuz/ECE492_Group4_Project/Ryans_stuff/group4_project/group4_project_system.sopcinfo
Info: (test.elf) 123 KBytes program size (code + initialized data).
Info:            8061 KBytes free for stack + heap.
Info: Creating test.objdump
nios2-elf-objdump --disassemble --syms --all-header --source test.elf >test.objdump
[test build complete]

**** Build Finished ****

**** Build of configuration Nios II for project test ****

make all 
Info: Building ../test_bsp/
make --no-print-directory -C ../test_bsp/
[BSP build complete]
Info: Compiling hello_ucosii.c to obj/default/hello_ucosii.o
nios2-elf-gcc -xc -MP -MMD -c -I../test_bsp//UCOSII/inc -I../test_bsp//HAL/inc -I../test_bsp/ -I../test_bsp//drivers/inc  -DSYSTEM_BUS_WIDTH=32 -pipe -D__hal__ -DALT_NO_INSTRUCTION_EMULATION -D__ucosii__    -O0 -g -Wall   -EL -mno-hw-div -mhw-mul -mno-hw-mulx  -o obj/default/hello_ucosii.o hello_ucosii.c
hello_ucosii.c: In function 'task1':
hello_ucosii.c:55: warning: initialization makes pointer from integer without a cast
Info: Linking test.elf
nios2-elf-g++  -T'../test_bsp//linker.x' -msys-crt0='../test_bsp//obj/HAL/src/crt0.o' -msys-lib=ucosii_bsp -L../test_bsp/   -Wl,-Map=test.map   -O0 -g -Wall   -EL -mno-hw-div -mhw-mul -mno-hw-mulx  -o test.elf obj/default/hello_ucosii.o -lm 
nios2-elf-insert test.elf --thread_model ucosii --cpu_name nios2_qsys_0 --qsys true --simulation_enabled false --id 0 --sidp 0x1109068 --timestamp 1423517063 --stderr_dev jtag_uart_0 --stdin_dev jtag_uart_0 --stdout_dev jtag_uart_0 --sopc_system_name group4_project_system --quartus_project_dir "C:/Users/rcorpuz/ECE492_Group4_Project/Ryans_stuff/group4_project" --jdi C:/Users/rcorpuz/ECE492_Group4_Project/Ryans_stuff/group4_project/group4_project.jdi --sopcinfo C:/Users/rcorpuz/ECE492_Group4_Project/Ryans_stuff/group4_project/group4_project_system.sopcinfo
Info: (test.elf) 123 KBytes program size (code + initialized data).
Info:            8061 KBytes free for stack + heap.
Info: Creating test.objdump
nios2-elf-objdump --disassemble --syms --all-header --source test.elf >test.objdump
[test build complete]

**** Build Finished ****

**** Build of configuration Nios II for project test ****

make all 
Info: Building ../test_bsp/
make --no-print-directory -C ../test_bsp/
[BSP build complete]
Info: Compiling hello_ucosii.c to obj/default/hello_ucosii.o
nios2-elf-gcc -xc -MP -MMD -c -I../test_bsp//UCOSII/inc -I../test_bsp//HAL/inc -I../test_bsp/ -I../test_bsp//drivers/inc  -DSYSTEM_BUS_WIDTH=32 -pipe -D__hal__ -DALT_NO_INSTRUCTION_EMULATION -D__ucosii__    -O0 -g -Wall   -EL -mno-hw-div -mhw-mul -mno-hw-mulx  -o obj/default/hello_ucosii.o hello_ucosii.c
hello_ucosii.c: In function 'task1':
Info: Linking test.elf
hello_ucosii.c:55: warning: initialization makes pointer from integer without a cast
nios2-elf-g++  -T'../test_bsp//linker.x' -msys-crt0='../test_bsp//obj/HAL/src/crt0.o' -msys-lib=ucosii_bsp -L../test_bsp/   -Wl,-Map=test.map   -O0 -g -Wall   -EL -mno-hw-div -mhw-mul -mno-hw-mulx  -o test.elf obj/default/hello_ucosii.o -lm 
nios2-elf-insert test.elf --thread_model ucosii --cpu_name nios2_qsys_0 --qsys true --simulation_enabled false --id 0 --sidp 0x1109068 --timestamp 1423517063 --stderr_dev jtag_uart_0 --stdin_dev jtag_uart_0 --stdout_dev jtag_uart_0 --sopc_system_name group4_project_system --quartus_project_dir "C:/Users/rcorpuz/ECE492_Group4_Project/Ryans_stuff/group4_project" --jdi C:/Users/rcorpuz/ECE492_Group4_Project/Ryans_stuff/group4_project/group4_project.jdi --sopcinfo C:/Users/rcorpuz/ECE492_Group4_Project/Ryans_stuff/group4_project/group4_project_system.sopcinfo
Info: (test.elf) 123 KBytes program size (code + initialized data).
Info:            8061 KBytes free for stack + heap.
Info: Creating test.objdump
nios2-elf-objdump --disassemble --syms --all-header --source test.elf >test.objdump
[test build complete]

**** Build Finished ****

**** Build of configuration Nios II for project test ****

make all 
Info: Building ../test_bsp/
make --no-print-directory -C ../test_bsp/
[BSP build complete]
Info: Compiling hello_ucosii.c to obj/default/hello_ucosii.o
nios2-elf-gcc -xc -MP -MMD -c -I../test_bsp//UCOSII/inc -I../test_bsp//HAL/inc -I../test_bsp/ -I../test_bsp//drivers/inc  -DSYSTEM_BUS_WIDTH=32 -pipe -D__hal__ -DALT_NO_INSTRUCTION_EMULATION -D__ucosii__    -O0 -g -Wall   -EL -mno-hw-div -mhw-mul -mno-hw-mulx  -o obj/default/hello_ucosii.o hello_ucosii.c
hello_ucosii.c: In function 'task1':
Info: Linking test.elf
hello_ucosii.c:55: warning: initialization makes pointer from integer without a cast
nios2-elf-g++  -T'../test_bsp//linker.x' -msys-crt0='../test_bsp//obj/HAL/src/crt0.o' -msys-lib=ucosii_bsp -L../test_bsp/   -Wl,-Map=test.map   -O0 -g -Wall   -EL -mno-hw-div -mhw-mul -mno-hw-mulx  -o test.elf obj/default/hello_ucosii.o -lm 
nios2-elf-insert test.elf --thread_model ucosii --cpu_name nios2_qsys_0 --qsys true --simulation_enabled false --id 0 --sidp 0x1109068 --timestamp 1423517063 --stderr_dev jtag_uart_0 --stdin_dev jtag_uart_0 --stdout_dev jtag_uart_0 --sopc_system_name group4_project_system --quartus_project_dir "C:/Users/rcorpuz/ECE492_Group4_Project/Ryans_stuff/group4_project" --jdi C:/Users/rcorpuz/ECE492_Group4_Project/Ryans_stuff/group4_project/group4_project.jdi --sopcinfo C:/Users/rcorpuz/ECE492_Group4_Project/Ryans_stuff/group4_project/group4_project_system.sopcinfo
Info: (test.elf) 123 KBytes program size (code + initialized data).
Info:            8061 KBytes free for stack + heap.
Info: Creating test.objdump
nios2-elf-objdump --disassemble --syms --all-header --source test.elf >test.objdump
[test build complete]

**** Build Finished ****

**** Build of configuration Nios II for project test ****

make all 
Info: Building ../test_bsp/
make --no-print-directory -C ../test_bsp/
[BSP build complete]
Info: Compiling hello_ucosii.c to obj/default/hello_ucosii.o
nios2-elf-gcc -xc -MP -MMD -c -I../test_bsp//UCOSII/inc -I../test_bsp//HAL/inc -I../test_bsp/ -I../test_bsp//drivers/inc  -DSYSTEM_BUS_WIDTH=32 -pipe -D__hal__ -DALT_NO_INSTRUCTION_EMULATION -D__ucosii__    -O0 -g -Wall   -EL -mno-hw-div -mhw-mul -mno-hw-mulx  -o obj/default/hello_ucosii.o hello_ucosii.c
hello_ucosii.c: In function 'task1':
Info: Linking test.elf
hello_ucosii.c:55: warning: initialization makes pointer from integer without a cast
nios2-elf-g++  -T'../test_bsp//linker.x' -msys-crt0='../test_bsp//obj/HAL/src/crt0.o' -msys-lib=ucosii_bsp -L../test_bsp/   -Wl,-Map=test.map   -O0 -g -Wall   -EL -mno-hw-div -mhw-mul -mno-hw-mulx  -o test.elf obj/default/hello_ucosii.o -lm 
nios2-elf-insert test.elf --thread_model ucosii --cpu_name nios2_qsys_0 --qsys true --simulation_enabled false --id 0 --sidp 0x1109068 --timestamp 1423517063 --stderr_dev jtag_uart_0 --stdin_dev jtag_uart_0 --stdout_dev jtag_uart_0 --sopc_system_name group4_project_system --quartus_project_dir "C:/Users/rcorpuz/ECE492_Group4_Project/Ryans_stuff/group4_project" --jdi C:/Users/rcorpuz/ECE492_Group4_Project/Ryans_stuff/group4_project/group4_project.jdi --sopcinfo C:/Users/rcorpuz/ECE492_Group4_Project/Ryans_stuff/group4_project/group4_project_system.sopcinfo
Info: (test.elf) 123 KBytes program size (code + initialized data).
Info:            8061 KBytes free for stack + heap.
Info: Creating test.objdump
nios2-elf-objdump --disassemble --syms --all-header --source test.elf >test.objdump
[test build complete]

**** Build Finished ****

**** Build of configuration Nios II for project test ****

make all 
Info: Building ../test_bsp/
make --no-print-directory -C ../test_bsp/
[BSP build complete]
Info: Compiling hello_ucosii.c to obj/default/hello_ucosii.o
nios2-elf-gcc -xc -MP -MMD -c -I../test_bsp//UCOSII/inc -I../test_bsp//HAL/inc -I../test_bsp/ -I../test_bsp//drivers/inc  -DSYSTEM_BUS_WIDTH=32 -pipe -D__hal__ -DALT_NO_INSTRUCTION_EMULATION -D__ucosii__    -O0 -g -Wall   -EL -mno-hw-div -mhw-mul -mno-hw-mulx  -o obj/default/hello_ucosii.o hello_ucosii.c
hello_ucosii.c: In function 'task1':
Info: Linking test.elf
hello_ucosii.c:55: warning: initialization makes pointer from integer without a cast
nios2-elf-g++  -T'../test_bsp//linker.x' -msys-crt0='../test_bsp//obj/HAL/src/crt0.o' -msys-lib=ucosii_bsp -L../test_bsp/   -Wl,-Map=test.map   -O0 -g -Wall   -EL -mno-hw-div -mhw-mul -mno-hw-mulx  -o test.elf obj/default/hello_ucosii.o -lm 
nios2-elf-insert test.elf --thread_model ucosii --cpu_name nios2_qsys_0 --qsys true --simulation_enabled false --id 0 --sidp 0x1109068 --timestamp 1423517063 --stderr_dev jtag_uart_0 --stdin_dev jtag_uart_0 --stdout_dev jtag_uart_0 --sopc_system_name group4_project_system --quartus_project_dir "C:/Users/rcorpuz/ECE492_Group4_Project/Ryans_stuff/group4_project" --jdi C:/Users/rcorpuz/ECE492_Group4_Project/Ryans_stuff/group4_project/group4_project.jdi --sopcinfo C:/Users/rcorpuz/ECE492_Group4_Project/Ryans_stuff/group4_project/group4_project_system.sopcinfo
Info: (test.elf) 123 KBytes program size (code + initialized data).
Info:            8061 KBytes free for stack + heap.
Info: Creating test.objdump
nios2-elf-objdump --disassemble --syms --all-header --source test.elf >test.objdump
[test build complete]

**** Build Finished ****
