Flow report for niosII_microc_lab1
Mon Feb 02 15:44:24 2015
Quartus II 64-Bit Version 12.1 Build 243 01/31/2013 Service Pack 1.33 SJ Full Version


---------------------
; Table of Contents ;
---------------------
  1. Legal Notice
  2. Flow Summary
  3. Flow Settings
  4. Flow Non-Default Global Settings
  5. Flow Elapsed Time
  6. Flow OS Summary
  7. Flow Log



----------------
; Legal Notice ;
----------------
Copyright (C) 1991-2012 Altera Corporation
Your use of Altera Corporation's design tools, logic functions 
and other software and tools, and its AMPP partner logic 
functions, and any output files from any of the foregoing 
(including device programming or simulation files), and any 
associated documentation or information are expressly subject 
to the terms and conditions of the Altera Program License 
Subscription Agreement, Altera MegaCore Function License 
Agreement, or other applicable license agreement, including, 
without limitation, that your use is for the sole purpose of 
programming logic devices manufactured by Altera and sold by 
Altera or its authorized distributors.  Please refer to the 
applicable agreement for further details.



+----------------------------------------------------------------------------------------+
; Flow Summary                                                                           ;
+------------------------------------+---------------------------------------------------+
; Flow Status                        ; Successful - Mon Feb 02 15:44:20 2015             ;
; Quartus II 64-Bit Version          ; 12.1 Build 243 01/31/2013 SP 1.33 SJ Full Version ;
; Revision Name                      ; niosII_microc_lab1                                ;
; Top-level Entity Name              ; niosII_microc_lab1                                ;
; Family                             ; Cyclone II                                        ;
; Device                             ; EP2C35F672C6                                      ;
; Timing Models                      ; Final                                             ;
; Total logic elements               ; 4,527 / 33,216 ( 14 % )                           ;
;     Total combinational functions  ; 4,097 / 33,216 ( 12 % )                           ;
;     Dedicated logic registers      ; 2,732 / 33,216 ( 8 % )                            ;
; Total registers                    ; 2876                                              ;
; Total pins                         ; 101 / 475 ( 21 % )                                ;
; Total virtual pins                 ; 0                                                 ;
; Total memory bits                  ; 195,968 / 483,840 ( 41 % )                        ;
; Embedded Multiplier 9-bit elements ; 4 / 70 ( 6 % )                                    ;
; Total PLLs                         ; 1 / 4 ( 25 % )                                    ;
+------------------------------------+---------------------------------------------------+


+-----------------------------------------+
; Flow Settings                           ;
+-------------------+---------------------+
; Option            ; Setting             ;
+-------------------+---------------------+
; Start date & time ; 02/02/2015 15:42:19 ;
; Main task         ; Compilation         ;
; Revision Name     ; niosII_microc_lab1  ;
+-------------------+---------------------+


+------------------------------------------------------------------------------------------------------------------------+
; Flow Non-Default Global Settings                                                                                       ;
+-------------------------------------+---------------------------------------+---------------+-------------+------------+
; Assignment Name                     ; Value                                 ; Default Value ; Entity Name ; Section Id ;
+-------------------------------------+---------------------------------------+---------------+-------------+------------+
; COMPILER_SIGNATURE_ID               ; 116530612627.142291693902520          ; --            ; --          ; --         ;
; MAX_CORE_JUNCTION_TEMP              ; 85                                    ; --            ; --          ; --         ;
; MIN_CORE_JUNCTION_TEMP              ; 0                                     ; --            ; --          ; --         ;
; PARTITION_COLOR                     ; 2147039                               ; --            ; --          ; Top        ;
; PARTITION_FITTER_PRESERVATION_LEVEL ; PLACEMENT_AND_ROUTING                 ; --            ; --          ; Top        ;
; PARTITION_NETLIST_TYPE              ; SOURCE                                ; --            ; --          ; Top        ;
; POWER_BOARD_THERMAL_MODEL           ; None (CONSERVATIVE)                   ; --            ; --          ; --         ;
; POWER_PRESET_COOLING_SOLUTION       ; 23 MM HEAT SINK WITH 200 LFPM AIRFLOW ; --            ; --          ; --         ;
; PROJECT_OUTPUT_DIRECTORY            ; output_files                          ; --            ; --          ; --         ;
+-------------------------------------+---------------------------------------+---------------+-------------+------------+


+-------------------------------------------------------------------------------------------------------------------------------+
; Flow Elapsed Time                                                                                                             ;
+---------------------------+--------------+-------------------------+---------------------+------------------------------------+
; Module Name               ; Elapsed Time ; Average Processors Used ; Peak Virtual Memory ; Total CPU Time (on all processors) ;
+---------------------------+--------------+-------------------------+---------------------+------------------------------------+
; Analysis & Synthesis      ; 00:01:21     ; 1.0                     ; 656 MB              ; 00:00:47                           ;
; Fitter                    ; 00:00:30     ; 2.2                     ; 926 MB              ; 00:00:33                           ;
; Assembler                 ; 00:00:03     ; 1.0                     ; 471 MB              ; 00:00:02                           ;
; TimeQuest Timing Analyzer ; 00:00:02     ; 1.0                     ; 510 MB              ; 00:00:02                           ;
; Total                     ; 00:01:56     ; --                      ; --                  ; 00:01:24                           ;
+---------------------------+--------------+-------------------------+---------------------+------------------------------------+


+----------------------------------------------------------------------------------------+
; Flow OS Summary                                                                        ;
+---------------------------+------------------+-----------+------------+----------------+
; Module Name               ; Machine Hostname ; OS Name   ; OS Version ; Processor type ;
+---------------------------+------------------+-----------+------------+----------------+
; Analysis & Synthesis      ; e3-11-20         ; Windows 7 ; 6.1        ; x86_64         ;
; Fitter                    ; e3-11-20         ; Windows 7 ; 6.1        ; x86_64         ;
; Assembler                 ; e3-11-20         ; Windows 7 ; 6.1        ; x86_64         ;
; TimeQuest Timing Analyzer ; e3-11-20         ; Windows 7 ; 6.1        ; x86_64         ;
+---------------------------+------------------+-----------+------------+----------------+


------------
; Flow Log ;
------------
quartus_map --read_settings_files=on --write_settings_files=off niosII_microc_lab1 -c niosII_microc_lab1
quartus_fit --read_settings_files=off --write_settings_files=off niosII_microc_lab1 -c niosII_microc_lab1
quartus_asm --read_settings_files=off --write_settings_files=off niosII_microc_lab1 -c niosII_microc_lab1
quartus_sta niosII_microc_lab1 -c niosII_microc_lab1



